Moved AAL.xlsx → AAL/
Moved AAPL.xlsx → AAPL/
Moved ABBV.xlsx → ABBV/
Moved ABCL.xlsx → ABCL/
Moved ABEO.xlsx → ABEO/
Moved ABNB.xlsx → ABNB/
Moved ABT.xlsx → ABT/
Moved ABUS.xlsx → ABUS/
Moved ACAD.xlsx → ACAD/
Moved ACLX.xlsx → ACLX/
Moved ACMR.xlsx → ACMR/
Moved ACN.xlsx → ACN/
Moved ACRV.xlsx → ACRV/
Moved ADBE.xlsx → ADBE/
Moved ADIL.xlsx → ADIL/
Moved ADMA.xlsx → ADMA/
Moved ADP.xlsx → ADP/
Moved ADSK.xlsx → ADSK/
Moved AI.xlsx → AI/
Moved AKAM.xlsx → AKAM/
Moved AKRO.xlsx → AKRO/
Moved ALGS.xlsx → ALGS/
Moved ALKS.xlsx → ALKS/
Moved ALNY.xlsx → ALNY/
Moved ALV.xlsx → ALV/
Moved ALVO.xlsx → ALVO/
Moved Alzheimer's.xlsx → A/
Moved AMAT.xlsx → AMAT/
Moved AMC.xlsx → AMC/
Moved AMD.xlsx → AMD/
Moved AMGN.xlsx → AMGN/
Moved AMLX.xlsx → AMLX/
Moved AMPH.xlsx → AMPH/
Moved AMZN.xlsx → AMZN/
Moved ANAB.xlsx → ANAB/
Moved ANF.xlsx → ANF/
Moved ANSS.xlsx → ANSS/
Moved APGE.xlsx → APGE/
Moved APLD.xlsx → APLD/
Moved APLS.xlsx → APLS/
Moved APLT.xlsx → APLT/
Moved APP.xlsx → APP/
Moved AQST.xlsx → AQST/
Moved ARGX.xlsx → ARGX/
Moved ARIS.xlsx → ARIS/
Moved ARM.xlsx → ARM/
Moved ARQT.xlsx → ARQT/
Moved ARTV.xlsx → ARTV/
Moved ARVN.xlsx → ARVN/
Moved ARWR.xlsx → ARWR/
Moved ASML.xlsx → ASML/
Moved ASND.xlsx → ASND/
Moved ASPI.xlsx → ASPI/
Moved ASTS.xlsx → ASTS/
Moved ATOS.xlsx → ATOS/
Moved ATVI.xlsx → ATVI/
Moved ATYR.xlsx → ATYR/
Moved Autoimmune.xlsx → A/
Moved AVGO.xlsx → AVGO/
Moved AVTX.xlsx → AVTX/
Moved AVXL.xlsx → AVXL/
Moved AXP.xlsx → AXP/
Moved AXSM.xlsx → AXSM/
Moved AZN.xlsx → AZN/
Moved BA.xlsx → BA/
Moved BABA.xlsx → BABA/
Moved BAX.xlsx → BAX/
Moved BBAI.xlsx → BBAI/
Moved BBIO.xlsx → BBIO/
Moved BCRX.xlsx → BCRX/
Moved BDTX.xlsx → BDTX/
Moved BDX.xlsx → BDX/
Moved BEAM.xlsx → BEAM/
Moved BHC.xlsx → BHC/
Moved BHVN.xlsx → BHVN/
Moved BIDU.xlsx → BIDU/
Moved BIIB.xlsx → BIIB/
Moved Biopharma.xlsx → B/
Moved BKNG.xlsx → BKNG/
Moved BLK.xlsx → BLK/
Moved BLMN.xlsx → BLMN/
Moved BlockList.xlsx → B/
Moved BMBL.xlsx → BMBL/
Moved BMEA.xlsx → BMEA/
Moved BMRN.xlsx → BMRN/
Moved BMY.xlsx → BMY/
Moved BNTX.xlsx → BNTX/
Moved Boehringer.xlsx → B/
Moved Books.xlsx → B/
Moved BPMC.xlsx → BPMC/
Moved BROS.xlsx → BROS/
Moved BRZE.xlsx → BRZE/
Moved BSX.xlsx → BSX/
Moved BX.xlsx → BX/
Moved CABA.xlsx → CABA/
Moved CADL.xlsx → CADL/
Moved CAPR.xlsx → CAPR/
Moved Cardiovascular.xlsx → C/
Moved CAT.xlsx → CAT/
Moved CAVA.xlsx → CAVA/
Moved CB.xlsx → CB/
Moved CDNS.xlsx → CDNS/
Moved CDW.xlsx → CDW/
Moved CELH.xlsx → CELH/
Moved CFLT.xlsx → CFLT/
Moved CHGG.xlsx → CHGG/
Moved CHRS.xlsx → CHRS/
Moved CI.xlsx → CI/
Moved CLSD.xlsx → CLSD/
Moved CMCSA.xlsx → CMCSA/
Moved CMPS.xlsx → CMPS/
Moved Consumer.xlsx → C/
Moved COST.xlsx → COST/
Moved COYA.xlsx → COYA/
Moved CPNG.xlsx → CPNG/
Moved CPRI.xlsx → CPRI/
Moved CRL.xlsx → CRL/
Moved CRM.xlsx → CRM/
Moved CRNC.xlsx → CRNC/
Moved CROX.xlsx → CROX/
Moved CRSP.xlsx → CRSP/
Moved CRVS.xlsx → CRVS/
Moved CRWD.xlsx → CRWD/
Moved Crypto.xlsx → C/
Moved CryptoAI.xlsx → C/
Moved CSCO.xlsx → CSCO/
Moved CSL AU.xlsx → CSL/
Moved CTAS.xlsx → CTAS/
Moved CVNA.xlsx → CVNA/
Moved CVS.xlsx → CVS/
Moved CYTK.xlsx → CYTK/
Moved DASH.xlsx → DASH/
Moved DAVE.xlsx → DAVE/
Moved DAWN.xlsx → DAWN/
Moved DCTH.xlsx → DCTH/
Moved DDOG.xlsx → DDOG/
Moved DGNX.xlsx → DGNX/
Moved DIS.xlsx → DIS/
Moved DLO.xlsx → DLO/
Moved DNLI.xlsx → DNLI/
Moved DRUG.xlsx → DRUG/
Moved DSY FP.xlsx → DSY/
Moved DTE.xlsx → DTE/
Moved DUOL.xlsx → DUOL/
Moved DYN.xlsx → DYN/
Moved EA.xlsx → EA/
Moved EB.xlsx → EB/
Moved EBAY.xlsx → EBAY/
Moved EG.xlsx → EG/
Moved EL.xlsx → EL/
Moved ELEV.xlsx → ELEV/
Moved ELF.xlsx → ELF/
Moved ELV.xlsx → ELV/
Moved Endocrinology.xlsx → E/
Moved Energy.xlsx → E/
Moved ENPH.xlsx → ENPH/
Moved EQ.xlsx → EQ/
Moved ERJ.xlsx → ERJ/
Moved ESLA.xlsx → ESLA/
Moved ESPR.xlsx → ESPR/
Moved ESTA.xlsx → ESTA/
Moved EVO ST.xlsx → EVO/
Moved EVO.xlsx → EVO/
Moved EW.xlsx → EW/
Moved EWTX.xlsx → EWTX/
Moved EXAI.xlsx → EXAI/
Moved EXEL.xlsx → EXEL/
Moved EYPT.xlsx → EYPT/
Moved F.xlsx → F/
Moved FDMT.xlsx → FDMT/
Moved Financials.xlsx → F/
Moved FIVN.xlsx → FIVN/
Moved FOLD.xlsx → FOLD/
Moved FRSH.xlsx → FRSH/
Moved FSLY.xlsx → FSLY/
Moved GALT.xlsx → GALT/
Moved Gaming.xlsx → G/
Moved GCT.xlsx → GCT/
Moved GE.xlsx → GE/
Moved GHRS.xlsx → GHRS/
Moved GILD.xlsx → GILD/
Moved GLPG.xlsx → GLPG/
Moved GM.xlsx → GM/
Moved GMAB.xlsx → GMAB/
Moved GME.xlsx → GME/
Moved GOOG.xlsx → GOOG/
Moved GOSS.xlsx → GOSS/
Moved GPCR.xlsx → GPCR/
Moved GRAL.xlsx → GRAL/
Moved GRFS.xlsx → GRFS/
Moved GRND.xlsx → GRND/
Moved GS.xlsx → GS/
Moved GSK.xlsx → GSK/
Moved GUTS.xlsx → GUTS/
Moved HALO.xlsx → HALO/
Moved HardwareSemis.xlsx → H/
Moved HC Services.xlsx → HC/
Moved HD.xlsx → HD/
Moved Hematology.xlsx → H/
Moved HIMS.xlsx → HIMS/
Moved HON.xlsx → HON/
Moved HOOD.xlsx → HOOD/
Moved HUBS.xlsx → HUBS/
Moved HUM.xlsx → HUM/
Moved HUMA.xlsx → HUMA/
Moved HZNP.xlsx → HZNP/
Moved IBIO.xlsx → IBIO/
Moved IBM.xlsx → IBM/
Moved IBRX.xlsx → IBRX/
Moved IEP.xlsx → IEP/
Moved IMGN.xlsx → IMGN/
Moved IMUX.xlsx → IMUX/
Moved INCY.xlsx → INCY/
Moved INMB.xlsx → INMB/
Moved INSM.xlsx → INSM/
Moved INTC.xlsx → INTC/
Moved INTU.xlsx → INTU/
Moved IONQ.xlsx → IONQ/
Moved IONS.xlsx → IONS/
Moved IOVA.xlsx → IOVA/
Moved IPN FP.xlsx → IPN/
Moved IRON.xlsx → IRON/
Moved ISRG.xlsx → ISRG/
Moved ITCI.xlsx → ITCI/
Moved IVVD.xlsx → IVVD/
Moved JANX.xlsx → JANX/
Moved JAZZ.xlsx → JAZZ/
Moved JBL.xlsx → JBL/
Moved JNJ.xlsx → JNJ/
Moved JPM.xlsx → JPM/
Moved KALV.xlsx → KALV/
Moved KKR.xlsx → KKR/
Moved KO.xlsx → KO/
Moved KRON.xlsx → KRON/
Moved KROS.xlsx → KROS/
Moved KRTX.xlsx → KRTX/
Moved KRYS.xlsx → KRYS/
Moved KVYO.xlsx → KVYO/
Moved KYMR.xlsx → KYMR/
Moved LAES.xlsx → LAES/
Moved LBPH.xlsx → LBPH/
Moved LEGN.xlsx → LEGN/
Moved LIN.xlsx → LIN/
Moved LLY.xlsx → LLY/
Moved LNTH.xlsx → LNTH/
Moved LOW.xlsx → LOW/
Moved LPTX.xlsx → LPTX/
Moved LQDA.xlsx → LQDA/
Moved LUMN.xlsx → LUMN/
Moved LUNR.xlsx → LUNR/
Moved LXRX.xlsx → LXRX/
Moved M.xlsx → M/
Moved MA.xlsx → MA/
Moved Macro.xlsx → M/
Moved Master.xlsx → M/
Moved MBLY.xlsx → MBLY/
Moved MBOT.xlsx → MBOT/
Moved MC FP.xlsx → MC/
Moved MCD.xlsx → MCD/
Moved MDB.xlsx → MDB/
Moved MDGL.xlsx → MDGL/
Moved MDT.xlsx → MDT/
Moved MDXG.xlsx → MDXG/
Moved Medical Devices.xlsx → M/
Moved META.xlsx → META/
Moved MGTX.xlsx → MGTX/
Moved MNPR.xlsx → MNPR/
Moved MNST.xlsx → MNST/
Moved MRK GR.xlsx → MRK/
Moved MRK.xlsx → MRK/
Moved MRNA.xlsx → MRNA/
Moved MS.xlsx → MS/
Moved MSFT.xlsx → MSFT/
Moved MSTR.xlsx → MSTR/
Moved MU.xlsx → MU/
Moved NAMS.xlsx → NAMS/
Moved NBIS.xlsx → NBIS/
Moved NBIX.xlsx → NBIX/
Moved NET.xlsx → NET/
Moved Neurology.xlsx → N/
Moved NFLX.xlsx → NFLX/
Moved NKE.xlsx → NKE/
Moved NKTR.xlsx → NKTR/
Moved NKTX.xlsx → NKTX/
Moved NMAX.xlsx → NMAX/
Moved NMRA.xlsx → NMRA/
Moved NOW.xlsx → NOW/
Moved NRDY.xlsx → NRDY/
Moved NTLA.xlsx → NTLA/
Moved NTRA.xlsx → NTRA/
Moved NUVB.xlsx → NUVB/
Moved NVDA.xlsx → NVDA/
Moved NVS.xlsx → NVS/
Moved NWBO.xlsx → NWBO/
Moved OCC AU.xlsx → OCC/
Moved OGN.xlsx → OGN/
Moved OKTA.xlsx → OKTA/
Moved OLN.xlsx → OLN/
Moved Oncology.xlsx → O/
Moved OPRA.xlsx → OPRA/
Moved OR FP.xlsx → OR/
Moved ORCL.xlsx → ORCL/
Moved ORG.xlsx → ORG/
Moved OTLY.xlsx → OTLY/
Moved PANW.xlsx → PANW/
Moved Patents.xlsx → P/
Moved PBI.xlsx → PBI/
Moved PCVX.xlsx → PCVX/
Moved PDBs.xlsx → PDB/
Moved PDD.xlsx → PDD/
Moved PDSB.xlsx → PDSB/
Moved PEP.xlsx → PEP/
Moved PERI.xlsx → PERI/
Moved PFE.xlsx → PFE/
Moved PFIE.xlsx → PFIE/
Moved PG.xlsx → PG/
Moved PGR.xlsx → PGR/
Moved PHAR.xlsx → PHAR/
Moved PLTR.xlsx → PLTR/
Moved PLX.xlsx → PLX/
Moved PM.xlsx → PM/
Moved PNRG.xlsx → PNRG/
Moved PRGO.xlsx → PRGO/
Moved PROK.xlsx → PROK/
Moved Proteins.xlsx → P/
Moved PSO.xlsx → PSO/
Moved Psychiatry.xlsx → P/
Moved PTGX.xlsx → PTGX/
Moved PTLO.xlsx → PTLO/
Moved PYPL.xlsx → PYPL/
Moved QBTS.xlsx → QBTS/
Moved QCOM.xlsx → QCOM/
Moved QMCO.xlsx → QMCO/
Moved QTTB.xlsx → QTTB/
Moved QUBT.xlsx → QUBT/
Moved QXO.xlsx → QXO/
Moved RARE.xlsx → RARE/
Moved RBLX.xlsx → RBLX/
Moved RCKT.xlsx → RCKT/
Moved RCUS.xlsx → RCUS/
Moved RDDT.xlsx → RDDT/
Moved RDFN.xlsx → RDFN/
Moved REC.xlsx → REC/
Moved Recommendations.xlsx → R/
Moved REGN.xlsx → REGN/
Moved Reliance.xlsx → R/
Moved REPL.xlsx → REPL/
Moved RGTI.xlsx → RGTI/
Moved RKLB.xlsx → RKLB/
Moved RMS.xlsx → RMS/
Moved RNA.xlsx → RNA/
Moved ROG VX.xlsx → ROG/
Moved ROIV.xlsx → ROIV/
Moved ROOT.xlsx → ROOT/
Moved RPRX.xlsx → RPRX/
Moved RTX.xlsx → RTX/
Moved RVPH.xlsx → RVPH/
Moved RXRX.xlsx → RXRX/
Moved RZLT.xlsx → RZLT/
Moved S.xlsx → S/
Moved SAGE.xlsx → SAGE/
Moved SAN FP.xlsx → SAN/
Moved SANA.xlsx → SANA/
Moved SAP.xlsx → SAP/
Moved SAVA Simulation.xlsx → SAVA/
Moved SAVA.xlsx → SAVA/
Moved SBNY.xlsx → SBNY/
Moved SCHW.xlsx → SCHW/
Moved SDGR.xlsx → SDGR/
Moved SG.xlsx → SG/
Moved SGEN.xlsx → SGEN/
Moved SHOP.xlsx → SHOP/
Moved SIE GR.xlsx → SIE/
Moved SIGA.xlsx → SIGA/
Moved SLNO.xlsx → SLNO/
Moved SLS.xlsx → SLS/
Moved SMCI.xlsx → SMCI/
Moved SMMT.xlsx → SMMT/
Moved SNAP.xlsx → SNAP/
Moved SNCE.xlsx → SNCE/
Moved SNDX.xlsx → SNDX/
Moved SNOW.xlsx → SNOW/
Moved SNPS.xlsx → SNPS/
Moved SOFI.xlsx → SOFI/
Moved Software.xlsx → S/
Moved SONY.xlsx → SONY/
Moved SOUN.xlsx → SOUN/
Moved SPGI.xlsx → SPGI/
Moved SPOT.xlsx → SPOT/
Moved SPRY.xlsx → SPRY/
Moved SRPT.xlsx → SRPT/
Moved SRRK.xlsx → SRRK/
Moved STLA.xlsx → STLA/
Moved STZ.xlsx → STZ/
Moved Sun Pharmaceutical.xlsx → S/
Moved SWTX.xlsx → SWTX/
Moved SYK.xlsx → SYK/
Moved SYM.xlsx → SYM/
Moved SYRS.xlsx → SYRS/
Moved T.xlsx → T/
Moved TARS.xlsx → TARS/
Moved TDOC.xlsx → TDOC/
Moved TEAM.xlsx → TEAM/
Moved TECX.xlsx → TECX/
Moved Telecom-Media.xlsx → T/
Moved TEM.xlsx → TEM/
Moved TENX.xlsx → TENX/
Moved TEVA.xlsx → TEVA/
Moved TGTX.xlsx → TGTX/
Moved TJX.xlsx → TJX/
Moved TLN.xlsx → TLN/
Moved TM.xlsx → TM/
Moved TMO.xlsx → TMO/
Moved TMUS.xlsx → TMUS/
Moved TNXP.xlsx → TNXP/
Moved TOST.xlsx → TOST/
Moved TRVI.xlsx → TRVI/
Moved TSLA.xlsx → TSLA/
Moved TSM.xlsx → TSM/
Moved TTD.xlsx → TTD/
Moved TTWO.xlsx → TTWO/
Moved TWTR.xlsx → TWTR/
Moved TXN.xlsx → TXN/
Moved UBER.xlsx → UBER/
Moved UCB.xlsx → UCB/
Moved UI.xlsx → UI/
Moved ULTA.xlsx → ULTA/
Moved UNH.xlsx → UNH/
Moved United States.xlsx → U/
Moved UNP.xlsx → UNP/
Moved URGN.xlsx → URGN/
Moved UTHR.xlsx → UTHR/
Moved V.xlsx → V/
Moved VEEV.xlsx → VEEV/
Moved VERU.xlsx → VERU/
Moved VICI.xlsx → VICI/
Moved VKTX.xlsx → VKTX/
Moved VMW.xlsx → VMW/
Moved VRDN.xlsx → VRDN/
Moved VRT.xlsx → VRT/
Moved VRTX.xlsx → VRTX/
Moved VTRS.xlsx → VTRS/
Moved VXRT.xlsx → VXRT/
Moved VYGR.xlsx → VYGR/
Moved VYNE.xlsx → VYNE/
Moved VZ.xlsx → VZ/
Moved WBA.xlsx → WBA/
Moved WBD.xlsx → WBD/
Moved WBTN.xlsx → WBTN/
Moved WDAY.xlsx → WDAY/
Moved WEN.xlsx → WEN/
Moved WGS.xlsx → WGS/
Moved WMT.xlsx → WMT/
Moved XERS.xlsx → XERS/
Moved XNCR.xlsx → XNCR/
Moved XYZ.xlsx → XYZ/
Moved YALA.xlsx → YALA/
Moved YMAB.xlsx → YMAB/
Moved ZETA.xlsx → ZETA/
Moved ZM.xlsx → ZM/
Moved ZNTL.xlsx → ZNTL/
Moved ZS.xlsx → ZS/
Done organizing Excel files.